Build started 2015-12-02 오전 11:46:04.
     1>Project "D:\TheAdventureOfHero\TheAOH\TheAdventureOfHero\TheAdventureOfHero.vcxproj" on node 2 (build target(s)).
     1>InitializeBuildStatus:
         Creating "Debug\TheAdventureOfHero.unsuccessfulbuild" because "AlwaysCreate" was specified.
       ClCompile:
         c:\Program Files (x86)\Microsoft Visual Studio 10.0\VC\bin\CL.exe /c /ZI /nologo /W3 /WX- /Od /Oy- /D WIN32 /D _DEBUG /D _CONSOLE /D _UNICODE /D UNICODE /Gm /EHsc /RTC1 /MDd /GS /fp:precise /Zc:wchar_t /Zc:forScope /Fo"Debug\\" /Fd"Debug\vc100.pdb" /Gd /TP /analyze- /errorReport:prompt Manager\BattleManager.cpp
         BattleManager.cpp
       ManifestResourceCompile:
         All outputs are up-to-date.
       Link:
         c:\Program Files (x86)\Microsoft Visual Studio 10.0\VC\bin\link.exe /ERRORREPORT:PROMPT /OUT:"D:\TheAdventureOfHero\TheAOH\Debug\TheAdventureOfHero.exe" /INCREMENTAL /NOLOGO kernel32.lib user32.lib gdi32.lib winspool.lib comdlg32.lib advapi32.lib shell32.lib ole32.lib oleaut32.lib uuid.lib odbc32.lib odbccp32.lib /MANIFEST /ManifestFile:"Debug\TheAdventureOfHero.exe.intermediate.manifest" /MANIFESTUAC:"level='asInvoker' uiAccess='false'" /DEBUG /PDB:"D:\TheAdventureOfHero\TheAOH\Debug\TheAdventureOfHero.pdb" /SUBSYSTEM:CONSOLE /TLBID:1 /DYNAMICBASE /NXCOMPAT /IMPLIB:"D:\TheAdventureOfHero\TheAOH\Debug\TheAdventureOfHero.lib" /MACHINE:X86 Debug\TheAdventureOfHero.exe.embed.manifest.res
         Debug\AliveObjectHero.obj
         Debug\main.obj
         Debug\BattleManager.obj
         Debug\EntityManager.obj
         Debug\GameManager.obj
         Debug\PlaceManager.obj
         Debug\AliveObjectMonster.obj
         Debug\GamePlaceDunjeon.obj
         Debug\GamePlaceInn.obj
         Debug\GamePlacePub.obj
       Manifest:
         C:\Program Files (x86)\Microsoft SDKs\Windows\v7.0A\bin\mt.exe /nologo /verbose /out:"Debug\TheAdventureOfHero.exe.embed.manifest" /manifest Debug\TheAdventureOfHero.exe.intermediate.manifest
         All outputs are up-to-date.
       LinkEmbedManifest:
         All outputs are up-to-date.
         TheAdventureOfHero.vcxproj -> D:\TheAdventureOfHero\TheAOH\Debug\TheAdventureOfHero.exe
       FinalizeBuildStatus:
         Deleting file "Debug\TheAdventureOfHero.unsuccessfulbuild".
         Touching "Debug\TheAdventureOfHero.lastbuildstate".
     1>Done Building Project "D:\TheAdventureOfHero\TheAOH\TheAdventureOfHero\TheAdventureOfHero.vcxproj" (build target(s)).

Build succeeded.

Time Elapsed 00:00:00.67
