Build started 2015-11-18 오후 2:39:05.
     1>Project "D:\TheAdventureOfHero\TheAOH\TheAdventureOfHero\TheAdventureOfHero.vcxproj" on node 2 (build target(s)).
     1>InitializeBuildStatus:
         Touching "x64\Debug\TheAdventureOfHero.unsuccessfulbuild".
       ClCompile:
         c:\Program Files (x86)\Microsoft Visual Studio 10.0\VC\bin\x86_amd64\CL.exe /c /Zi /nologo /W3 /WX- /Od /D WIN32 /D _DEBUG /D _CONSOLE /D _UNICODE /D UNICODE /Gm /EHsc /RTC1 /MDd /GS /fp:precise /Zc:wchar_t /Zc:forScope /Fo"x64\Debug\\" /Fd"x64\Debug\vc100.pdb" /Gd /TP /errorReport:prompt Place\GamePlacePub.cpp
         GamePlacePub.cpp
       ManifestResourceCompile:
         All outputs are up-to-date.
       Link:
         c:\Program Files (x86)\Microsoft Visual Studio 10.0\VC\bin\x86_amd64\link.exe /ERRORREPORT:PROMPT /OUT:"D:\TheAdventureOfHero\TheAOH\x64\Debug\TheAdventureOfHero.exe" /INCREMENTAL /NOLOGO kernel32.lib user32.lib gdi32.lib winspool.lib comdlg32.lib advapi32.lib shell32.lib ole32.lib oleaut32.lib uuid.lib odbc32.lib odbccp32.lib /MANIFEST /ManifestFile:"x64\Debug\TheAdventureOfHero.exe.intermediate.manifest" /MANIFESTUAC:"level='asInvoker' uiAccess='false'" /DEBUG /PDB:"D:\TheAdventureOfHero\TheAOH\x64\Debug\TheAdventureOfHero.pdb" /SUBSYSTEM:CONSOLE /TLBID:1 /DYNAMICBASE /NXCOMPAT /IMPLIB:"D:\TheAdventureOfHero\TheAOH\x64\Debug\TheAdventureOfHero.lib" /MACHINE:X64 x64\Debug\TheAdventureOfHero.exe.embed.manifest.res
         x64\Debug\AliveObjectHero.obj
         x64\Debug\main.obj
         x64\Debug\EntityManager.obj
         x64\Debug\GameManager.obj
         x64\Debug\PlaceManager.obj
         x64\Debug\AliveObjectMonster.obj
         x64\Debug\GamePlaceDunjeon.obj
         x64\Debug\GamePlaceInn.obj
         x64\Debug\GamePlacePub.obj
         TheAdventureOfHero.vcxproj -> D:\TheAdventureOfHero\TheAOH\x64\Debug\TheAdventureOfHero.exe
       Manifest:
         C:\Program Files (x86)\Microsoft SDKs\Windows\v7.0A\bin\mt.exe /nologo /verbose /out:"x64\Debug\TheAdventureOfHero.exe.embed.manifest" /manifest x64\Debug\TheAdventureOfHero.exe.intermediate.manifest
         All outputs are up-to-date.
       LinkEmbedManifest:
         All outputs are up-to-date.
         TheAdventureOfHero.vcxproj -> D:\TheAdventureOfHero\TheAOH\x64\Debug\TheAdventureOfHero.exe
       FinalizeBuildStatus:
         Deleting file "x64\Debug\TheAdventureOfHero.unsuccessfulbuild".
         Touching "x64\Debug\TheAdventureOfHero.lastbuildstate".
     1>Done Building Project "D:\TheAdventureOfHero\TheAOH\TheAdventureOfHero\TheAdventureOfHero.vcxproj" (build target(s)).

Build succeeded.

Time Elapsed 00:00:00.64
